[2025-12-03T12:35:05+00:00] Order placement error: SQLSTATE[42S02]: Base table or view not found: 1146 Table 'react_ecommerce.prices' doesn't exist
#0 /Users/filips.calijs/Desktop/Programming/scandiweb-full-stack-task/backend/Controllers/Orders/Orders.php(18): PDOStatement->execute(Array)
#1 /Users/filips.calijs/Desktop/Programming/scandiweb-full-stack-task/backend/Controllers/Graphql.php(180): Orders->placeOrder(Array)
#2 /Users/filips.calijs/Desktop/Programming/scandiweb-full-stack-task/backend/vendor/webonyx/graphql-php/src/Executor/ReferenceExecutor.php(688): GraphQLSchema->{closure}(NULL, Array, NULL, Object(GraphQL\Type\Definition\ResolveInfo))
#3 /Users/filips.calijs/Desktop/Programming/scandiweb-full-stack-task/backend/vendor/webonyx/graphql-php/src/Executor/ReferenceExecutor.php(610): GraphQL\Executor\ReferenceExecutor->resolveFieldValueOrError(Object(GraphQL\Type\Definition\FieldDefinition), Object(GraphQL\Language\AST\FieldNode), Object(Closure), NULL, Object(GraphQL\Type\Definition\ResolveInfo))
#4 /Users/filips.calijs/Desktop/Programming/scandiweb-full-stack-task/backend/vendor/webonyx/graphql-php/src/Executor/ReferenceExecutor.php(524): GraphQL\Executor\ReferenceExecutor->resolveField(Object(GraphQL\Type\Definition\ObjectType), NULL, Object(ArrayObject), Array)
#5 /Users/filips.calijs/Desktop/Programming/scandiweb-full-stack-task/backend/vendor/webonyx/graphql-php/src/Executor/ReferenceExecutor.php(918): GraphQL\Executor\ReferenceExecutor->GraphQL\Executor\{closure}(Array, 'placeOrder')
#6 [internal function]: GraphQL\Executor\ReferenceExecutor->GraphQL\Executor\{closure}(Array, 'placeOrder')
#7 /Users/filips.calijs/Desktop/Programming/scandiweb-full-stack-task/backend/vendor/webonyx/graphql-php/src/Executor/ReferenceExecutor.php(910): array_reduce(Array, Object(Closure), Array)
#8 /Users/filips.calijs/Desktop/Programming/scandiweb-full-stack-task/backend/vendor/webonyx/graphql-php/src/Executor/ReferenceExecutor.php(516): GraphQL\Executor\ReferenceExecutor->promiseReduce(Array, Object(Closure), Array)
#9 /Users/filips.calijs/Desktop/Programming/scandiweb-full-stack-task/backend/vendor/webonyx/graphql-php/src/Executor/ReferenceExecutor.php(286): GraphQL\Executor\ReferenceExecutor->executeFieldsSerially(Object(GraphQL\Type\Definition\ObjectType), NULL, Array, Object(ArrayObject))
#10 /Users/filips.calijs/Desktop/Programming/scandiweb-full-stack-task/backend/vendor/webonyx/graphql-php/src/Executor/ReferenceExecutor.php(229): GraphQL\Executor\ReferenceExecutor->executeOperation(Object(GraphQL\Language\AST\OperationDefinitionNode), NULL)
#11 /Users/filips.calijs/Desktop/Programming/scandiweb-full-stack-task/backend/vendor/webonyx/graphql-php/src/Executor/Executor.php(160): GraphQL\Executor\ReferenceExecutor->doExecute()
#12 /Users/filips.calijs/Desktop/Programming/scandiweb-full-stack-task/backend/vendor/webonyx/graphql-php/src/GraphQL.php(151): GraphQL\Executor\Executor::promiseToExecute(Object(GraphQL\Executor\Promise\Adapter\SyncPromiseAdapter), Object(GraphQL\Type\Schema), Object(GraphQL\Language\AST\DocumentNode), NULL, NULL, Array, NULL, NULL)
#13 /Users/filips.calijs/Desktop/Programming/scandiweb-full-stack-task/backend/vendor/webonyx/graphql-php/src/GraphQL.php(87): GraphQL\GraphQL::promiseToExecute(Object(GraphQL\Executor\Promise\Adapter\SyncPromiseAdapter), Object(GraphQL\Type\Schema), 'mutation PlaceO...', NULL, NULL, Array, NULL, NULL, NULL)
#14 /Users/filips.calijs/Desktop/Programming/scandiweb-full-stack-task/backend/public/index.php(53): GraphQL\GraphQL::executeQuery(Object(GraphQL\Type\Schema), 'mutation PlaceO...', NULL, NULL, Array)
#15 {main}

[2025-12-03T12:35:17+00:00] Order placement error: SQLSTATE[42S02]: Base table or view not found: 1146 Table 'react_ecommerce.prices' doesn't exist
#0 /Users/filips.calijs/Desktop/Programming/scandiweb-full-stack-task/backend/Controllers/Orders/Orders.php(18): PDOStatement->execute(Array)
#1 /Users/filips.calijs/Desktop/Programming/scandiweb-full-stack-task/backend/Controllers/Graphql.php(180): Orders->placeOrder(Array)
#2 /Users/filips.calijs/Desktop/Programming/scandiweb-full-stack-task/backend/vendor/webonyx/graphql-php/src/Executor/ReferenceExecutor.php(688): GraphQLSchema->{closure}(NULL, Array, NULL, Object(GraphQL\Type\Definition\ResolveInfo))
#3 /Users/filips.calijs/Desktop/Programming/scandiweb-full-stack-task/backend/vendor/webonyx/graphql-php/src/Executor/ReferenceExecutor.php(610): GraphQL\Executor\ReferenceExecutor->resolveFieldValueOrError(Object(GraphQL\Type\Definition\FieldDefinition), Object(GraphQL\Language\AST\FieldNode), Object(Closure), NULL, Object(GraphQL\Type\Definition\ResolveInfo))
#4 /Users/filips.calijs/Desktop/Programming/scandiweb-full-stack-task/backend/vendor/webonyx/graphql-php/src/Executor/ReferenceExecutor.php(524): GraphQL\Executor\ReferenceExecutor->resolveField(Object(GraphQL\Type\Definition\ObjectType), NULL, Object(ArrayObject), Array)
#5 /Users/filips.calijs/Desktop/Programming/scandiweb-full-stack-task/backend/vendor/webonyx/graphql-php/src/Executor/ReferenceExecutor.php(918): GraphQL\Executor\ReferenceExecutor->GraphQL\Executor\{closure}(Array, 'placeOrder')
#6 [internal function]: GraphQL\Executor\ReferenceExecutor->GraphQL\Executor\{closure}(Array, 'placeOrder')
#7 /Users/filips.calijs/Desktop/Programming/scandiweb-full-stack-task/backend/vendor/webonyx/graphql-php/src/Executor/ReferenceExecutor.php(910): array_reduce(Array, Object(Closure), Array)
#8 /Users/filips.calijs/Desktop/Programming/scandiweb-full-stack-task/backend/vendor/webonyx/graphql-php/src/Executor/ReferenceExecutor.php(516): GraphQL\Executor\ReferenceExecutor->promiseReduce(Array, Object(Closure), Array)
#9 /Users/filips.calijs/Desktop/Programming/scandiweb-full-stack-task/backend/vendor/webonyx/graphql-php/src/Executor/ReferenceExecutor.php(286): GraphQL\Executor\ReferenceExecutor->executeFieldsSerially(Object(GraphQL\Type\Definition\ObjectType), NULL, Array, Object(ArrayObject))
#10 /Users/filips.calijs/Desktop/Programming/scandiweb-full-stack-task/backend/vendor/webonyx/graphql-php/src/Executor/ReferenceExecutor.php(229): GraphQL\Executor\ReferenceExecutor->executeOperation(Object(GraphQL\Language\AST\OperationDefinitionNode), NULL)
#11 /Users/filips.calijs/Desktop/Programming/scandiweb-full-stack-task/backend/vendor/webonyx/graphql-php/src/Executor/Executor.php(160): GraphQL\Executor\ReferenceExecutor->doExecute()
#12 /Users/filips.calijs/Desktop/Programming/scandiweb-full-stack-task/backend/vendor/webonyx/graphql-php/src/GraphQL.php(151): GraphQL\Executor\Executor::promiseToExecute(Object(GraphQL\Executor\Promise\Adapter\SyncPromiseAdapter), Object(GraphQL\Type\Schema), Object(GraphQL\Language\AST\DocumentNode), NULL, NULL, Array, NULL, NULL)
#13 /Users/filips.calijs/Desktop/Programming/scandiweb-full-stack-task/backend/vendor/webonyx/graphql-php/src/GraphQL.php(87): GraphQL\GraphQL::promiseToExecute(Object(GraphQL\Executor\Promise\Adapter\SyncPromiseAdapter), Object(GraphQL\Type\Schema), 'mutation PlaceO...', NULL, NULL, Array, NULL, NULL, NULL)
#14 /Users/filips.calijs/Desktop/Programming/scandiweb-full-stack-task/backend/public/index.php(53): GraphQL\GraphQL::executeQuery(Object(GraphQL\Type\Schema), 'mutation PlaceO...', NULL, NULL, Array)
#15 {main}

[2025-12-03T12:35:57+00:00] Order placement error: SQLSTATE[42S02]: Base table or view not found: 1146 Table 'react_ecommerce.prices' doesn't exist
#0 /Users/filips.calijs/Desktop/Programming/scandiweb-full-stack-task/backend/Controllers/Orders/Orders.php(18): PDOStatement->execute(Array)
#1 /Users/filips.calijs/Desktop/Programming/scandiweb-full-stack-task/backend/Controllers/Graphql.php(180): Orders->placeOrder(Array)
#2 /Users/filips.calijs/Desktop/Programming/scandiweb-full-stack-task/backend/vendor/webonyx/graphql-php/src/Executor/ReferenceExecutor.php(688): GraphQLSchema->{closure}(NULL, Array, NULL, Object(GraphQL\Type\Definition\ResolveInfo))
#3 /Users/filips.calijs/Desktop/Programming/scandiweb-full-stack-task/backend/vendor/webonyx/graphql-php/src/Executor/ReferenceExecutor.php(610): GraphQL\Executor\ReferenceExecutor->resolveFieldValueOrError(Object(GraphQL\Type\Definition\FieldDefinition), Object(GraphQL\Language\AST\FieldNode), Object(Closure), NULL, Object(GraphQL\Type\Definition\ResolveInfo))
#4 /Users/filips.calijs/Desktop/Programming/scandiweb-full-stack-task/backend/vendor/webonyx/graphql-php/src/Executor/ReferenceExecutor.php(524): GraphQL\Executor\ReferenceExecutor->resolveField(Object(GraphQL\Type\Definition\ObjectType), NULL, Object(ArrayObject), Array)
#5 /Users/filips.calijs/Desktop/Programming/scandiweb-full-stack-task/backend/vendor/webonyx/graphql-php/src/Executor/ReferenceExecutor.php(918): GraphQL\Executor\ReferenceExecutor->GraphQL\Executor\{closure}(Array, 'placeOrder')
#6 [internal function]: GraphQL\Executor\ReferenceExecutor->GraphQL\Executor\{closure}(Array, 'placeOrder')
#7 /Users/filips.calijs/Desktop/Programming/scandiweb-full-stack-task/backend/vendor/webonyx/graphql-php/src/Executor/ReferenceExecutor.php(910): array_reduce(Array, Object(Closure), Array)
#8 /Users/filips.calijs/Desktop/Programming/scandiweb-full-stack-task/backend/vendor/webonyx/graphql-php/src/Executor/ReferenceExecutor.php(516): GraphQL\Executor\ReferenceExecutor->promiseReduce(Array, Object(Closure), Array)
#9 /Users/filips.calijs/Desktop/Programming/scandiweb-full-stack-task/backend/vendor/webonyx/graphql-php/src/Executor/ReferenceExecutor.php(286): GraphQL\Executor\ReferenceExecutor->executeFieldsSerially(Object(GraphQL\Type\Definition\ObjectType), NULL, Array, Object(ArrayObject))
#10 /Users/filips.calijs/Desktop/Programming/scandiweb-full-stack-task/backend/vendor/webonyx/graphql-php/src/Executor/ReferenceExecutor.php(229): GraphQL\Executor\ReferenceExecutor->executeOperation(Object(GraphQL\Language\AST\OperationDefinitionNode), NULL)
#11 /Users/filips.calijs/Desktop/Programming/scandiweb-full-stack-task/backend/vendor/webonyx/graphql-php/src/Executor/Executor.php(160): GraphQL\Executor\ReferenceExecutor->doExecute()
#12 /Users/filips.calijs/Desktop/Programming/scandiweb-full-stack-task/backend/vendor/webonyx/graphql-php/src/GraphQL.php(151): GraphQL\Executor\Executor::promiseToExecute(Object(GraphQL\Executor\Promise\Adapter\SyncPromiseAdapter), Object(GraphQL\Type\Schema), Object(GraphQL\Language\AST\DocumentNode), NULL, NULL, Array, NULL, NULL)
#13 /Users/filips.calijs/Desktop/Programming/scandiweb-full-stack-task/backend/vendor/webonyx/graphql-php/src/GraphQL.php(87): GraphQL\GraphQL::promiseToExecute(Object(GraphQL\Executor\Promise\Adapter\SyncPromiseAdapter), Object(GraphQL\Type\Schema), 'mutation PlaceO...', NULL, NULL, Array, NULL, NULL, NULL)
#14 /Users/filips.calijs/Desktop/Programming/scandiweb-full-stack-task/backend/public/index.php(53): GraphQL\GraphQL::executeQuery(Object(GraphQL\Type\Schema), 'mutation PlaceO...', NULL, NULL, Array)
#15 {main}

[2025-12-03T12:37:00+00:00] Order placement error: SQLSTATE[42S02]: Base table or view not found: 1146 Table 'react_ecommerce.prices' doesn't exist
#0 /Users/filips.calijs/Desktop/Programming/scandiweb-full-stack-task/backend/Controllers/Orders/Orders.php(18): PDOStatement->execute(Array)
#1 /Users/filips.calijs/Desktop/Programming/scandiweb-full-stack-task/backend/Controllers/Graphql.php(180): Orders->placeOrder(Array)
#2 /Users/filips.calijs/Desktop/Programming/scandiweb-full-stack-task/backend/vendor/webonyx/graphql-php/src/Executor/ReferenceExecutor.php(688): GraphQLSchema->{closure}(NULL, Array, NULL, Object(GraphQL\Type\Definition\ResolveInfo))
#3 /Users/filips.calijs/Desktop/Programming/scandiweb-full-stack-task/backend/vendor/webonyx/graphql-php/src/Executor/ReferenceExecutor.php(610): GraphQL\Executor\ReferenceExecutor->resolveFieldValueOrError(Object(GraphQL\Type\Definition\FieldDefinition), Object(GraphQL\Language\AST\FieldNode), Object(Closure), NULL, Object(GraphQL\Type\Definition\ResolveInfo))
#4 /Users/filips.calijs/Desktop/Programming/scandiweb-full-stack-task/backend/vendor/webonyx/graphql-php/src/Executor/ReferenceExecutor.php(524): GraphQL\Executor\ReferenceExecutor->resolveField(Object(GraphQL\Type\Definition\ObjectType), NULL, Object(ArrayObject), Array)
#5 /Users/filips.calijs/Desktop/Programming/scandiweb-full-stack-task/backend/vendor/webonyx/graphql-php/src/Executor/ReferenceExecutor.php(918): GraphQL\Executor\ReferenceExecutor->GraphQL\Executor\{closure}(Array, 'placeOrder')
#6 [internal function]: GraphQL\Executor\ReferenceExecutor->GraphQL\Executor\{closure}(Array, 'placeOrder')
#7 /Users/filips.calijs/Desktop/Programming/scandiweb-full-stack-task/backend/vendor/webonyx/graphql-php/src/Executor/ReferenceExecutor.php(910): array_reduce(Array, Object(Closure), Array)
#8 /Users/filips.calijs/Desktop/Programming/scandiweb-full-stack-task/backend/vendor/webonyx/graphql-php/src/Executor/ReferenceExecutor.php(516): GraphQL\Executor\ReferenceExecutor->promiseReduce(Array, Object(Closure), Array)
#9 /Users/filips.calijs/Desktop/Programming/scandiweb-full-stack-task/backend/vendor/webonyx/graphql-php/src/Executor/ReferenceExecutor.php(286): GraphQL\Executor\ReferenceExecutor->executeFieldsSerially(Object(GraphQL\Type\Definition\ObjectType), NULL, Array, Object(ArrayObject))
#10 /Users/filips.calijs/Desktop/Programming/scandiweb-full-stack-task/backend/vendor/webonyx/graphql-php/src/Executor/ReferenceExecutor.php(229): GraphQL\Executor\ReferenceExecutor->executeOperation(Object(GraphQL\Language\AST\OperationDefinitionNode), NULL)
#11 /Users/filips.calijs/Desktop/Programming/scandiweb-full-stack-task/backend/vendor/webonyx/graphql-php/src/Executor/Executor.php(160): GraphQL\Executor\ReferenceExecutor->doExecute()
#12 /Users/filips.calijs/Desktop/Programming/scandiweb-full-stack-task/backend/vendor/webonyx/graphql-php/src/GraphQL.php(151): GraphQL\Executor\Executor::promiseToExecute(Object(GraphQL\Executor\Promise\Adapter\SyncPromiseAdapter), Object(GraphQL\Type\Schema), Object(GraphQL\Language\AST\DocumentNode), NULL, NULL, Array, NULL, NULL)
#13 /Users/filips.calijs/Desktop/Programming/scandiweb-full-stack-task/backend/vendor/webonyx/graphql-php/src/GraphQL.php(87): GraphQL\GraphQL::promiseToExecute(Object(GraphQL\Executor\Promise\Adapter\SyncPromiseAdapter), Object(GraphQL\Type\Schema), 'mutation PlaceO...', NULL, NULL, Array, NULL, NULL, NULL)
#14 /Users/filips.calijs/Desktop/Programming/scandiweb-full-stack-task/backend/public/index.php(53): GraphQL\GraphQL::executeQuery(Object(GraphQL\Type\Schema), 'mutation PlaceO...', NULL, NULL, Array)
#15 {main}

